<?xml version="1.0" encoding="UTF-8"?>
<!-- Generated by org.testng.reporters.JUnitReportReporter -->
<testsuite hostname="LAPTOP-LG2V94E6" failures="0" tests="1" name="usermanagement.usermanagement" time="0.007" errors="0" timestamp="2024-01-22T14:00:42 IST" skipped="0">
  <testcase classname="usermanagement.usermanagement" name="usermanagement" time="0.007"/>
</testsuite> <!-- usermanagement.usermanagement -->
